This is pdfTeX, Version 3.14159265-2.6-1.40.18 (TeX Live 2017) (preloaded format=pdflatex 2017.11.3)  1 MAY 2018 11:30
entering extended mode
 restricted \write18 enabled.
 %&-line parsing enabled.
**notes.tex
(./notes.tex
LaTeX2e <2017-04-15>
Babel <3.10> and hyphenation patterns for 84 language(s) loaded.
(/usr/local/texlive/2017/texmf-dist/tex/latex/base/article.cls
Document Class: article 2014/09/29 v1.4h Standard LaTeX document class
(/usr/local/texlive/2017/texmf-dist/tex/latex/base/size10.clo
File: size10.clo 2014/09/29 v1.4h Standard LaTeX file (size option)
)
\c@part=\count79
\c@section=\count80
\c@subsection=\count81
\c@subsubsection=\count82
\c@paragraph=\count83
\c@subparagraph=\count84
\c@figure=\count85
\c@table=\count86
\abovecaptionskip=\skip41
\belowcaptionskip=\skip42
\bibindent=\dimen102
)
(/usr/local/texlive/2017/texmf-dist/tex/latex/geometry/geometry.sty
Package: geometry 2010/09/12 v5.6 Page Geometry

(/usr/local/texlive/2017/texmf-dist/tex/latex/graphics/keyval.sty
Package: keyval 2014/10/28 v1.15 key=value parser (DPC)
\KV@toks@=\toks14
)
(/usr/local/texlive/2017/texmf-dist/tex/generic/oberdiek/ifpdf.sty
Package: ifpdf 2017/03/15 v3.2 Provides the ifpdf switch
)
(/usr/local/texlive/2017/texmf-dist/tex/generic/oberdiek/ifvtex.sty
Package: ifvtex 2016/05/16 v1.6 Detect VTeX and its facilities (HO)
Package ifvtex Info: VTeX not detected.
)
(/usr/local/texlive/2017/texmf-dist/tex/generic/ifxetex/ifxetex.sty
Package: ifxetex 2010/09/12 v0.6 Provides ifxetex conditional
)
\Gm@cnth=\count87
\Gm@cntv=\count88
\c@Gm@tempcnt=\count89
\Gm@bindingoffset=\dimen103
\Gm@wd@mp=\dimen104
\Gm@odd@mp=\dimen105
\Gm@even@mp=\dimen106
\Gm@layoutwidth=\dimen107
\Gm@layoutheight=\dimen108
\Gm@layouthoffset=\dimen109
\Gm@layoutvoffset=\dimen110
\Gm@dimlist=\toks15
)
(/usr/local/texlive/2017/texmf-dist/tex/latex/graphics/rotating.sty
Package: rotating 2016/08/11 v2.16d rotated objects in LaTeX

(/usr/local/texlive/2017/texmf-dist/tex/latex/graphics/graphicx.sty
Package: graphicx 2014/10/28 v1.0g Enhanced LaTeX Graphics (DPC,SPQR)

(/usr/local/texlive/2017/texmf-dist/tex/latex/graphics/graphics.sty
Package: graphics 2017/04/14 v1.1b Standard LaTeX Graphics (DPC,SPQR)

(/usr/local/texlive/2017/texmf-dist/tex/latex/graphics/trig.sty
Package: trig 2016/01/03 v1.10 sin cos tan (DPC)
)
(/usr/local/texlive/2017/texmf-dist/tex/latex/graphics-cfg/graphics.cfg
File: graphics.cfg 2016/06/04 v1.11 sample graphics configuration
)
Package graphics Info: Driver file: pdftex.def on input line 99.

(/usr/local/texlive/2017/texmf-dist/tex/latex/graphics-def/pdftex.def
File: pdftex.def 2017/01/12 v0.06k Graphics/color for pdfTeX

(/usr/local/texlive/2017/texmf-dist/tex/generic/oberdiek/infwarerr.sty
Package: infwarerr 2016/05/16 v1.4 Providing info/warning/error messages (HO)
)
(/usr/local/texlive/2017/texmf-dist/tex/generic/oberdiek/ltxcmds.sty
Package: ltxcmds 2016/05/16 v1.23 LaTeX kernel commands for general use (HO)
)
\Gread@gobject=\count90
))
\Gin@req@height=\dimen111
\Gin@req@width=\dimen112
)
(/usr/local/texlive/2017/texmf-dist/tex/latex/base/ifthen.sty
Package: ifthen 2014/09/29 v1.1c Standard LaTeX ifthen package (DPC)
)
\c@r@tfl@t=\count91
\rotFPtop=\skip43
\rotFPbot=\skip44
\rot@float@box=\box26
\rot@mess@toks=\toks16
)
(/usr/local/texlive/2017/texmf-dist/tex/latex/amsmath/amsmath.sty
Package: amsmath 2016/11/05 v2.16a AMS math features
\@mathmargin=\skip45

For additional information on amsmath, use the `?' option.
(/usr/local/texlive/2017/texmf-dist/tex/latex/amsmath/amstext.sty
Package: amstext 2000/06/29 v2.01 AMS text

(/usr/local/texlive/2017/texmf-dist/tex/latex/amsmath/amsgen.sty
File: amsgen.sty 1999/11/30 v2.0 generic functions
\@emptytoks=\toks17
\ex@=\dimen113
))
(/usr/local/texlive/2017/texmf-dist/tex/latex/amsmath/amsbsy.sty
Package: amsbsy 1999/11/29 v1.2d Bold Symbols
\pmbraise@=\dimen114
)
(/usr/local/texlive/2017/texmf-dist/tex/latex/amsmath/amsopn.sty
Package: amsopn 2016/03/08 v2.02 operator names
)
\inf@bad=\count92
LaTeX Info: Redefining \frac on input line 213.
\uproot@=\count93
\leftroot@=\count94
LaTeX Info: Redefining \overline on input line 375.
\classnum@=\count95
\DOTSCASE@=\count96
LaTeX Info: Redefining \ldots on input line 472.
LaTeX Info: Redefining \dots on input line 475.
LaTeX Info: Redefining \cdots on input line 596.
\Mathstrutbox@=\box27
\strutbox@=\box28
\big@size=\dimen115
LaTeX Font Info:    Redeclaring font encoding OML on input line 712.
LaTeX Font Info:    Redeclaring font encoding OMS on input line 713.
\macc@depth=\count97
\c@MaxMatrixCols=\count98
\dotsspace@=\muskip10
\c@parentequation=\count99
\dspbrk@lvl=\count100
\tag@help=\toks18
\row@=\count101
\column@=\count102
\maxfields@=\count103
\andhelp@=\toks19
\eqnshift@=\dimen116
\alignsep@=\dimen117
\tagshift@=\dimen118
\tagwidth@=\dimen119
\totwidth@=\dimen120
\lineht@=\dimen121
\@envbody=\toks20
\multlinegap=\skip46
\multlinetaggap=\skip47
\mathdisplay@stack=\toks21
LaTeX Info: Redefining \[ on input line 2817.
LaTeX Info: Redefining \] on input line 2818.
)
(/usr/local/texlive/2017/texmf-dist/tex/latex/amsfonts/amssymb.sty
Package: amssymb 2013/01/14 v3.01 AMS font symbols

(/usr/local/texlive/2017/texmf-dist/tex/latex/amsfonts/amsfonts.sty
Package: amsfonts 2013/01/14 v3.01 Basic AMSFonts support
\symAMSa=\mathgroup4
\symAMSb=\mathgroup5
LaTeX Font Info:    Overwriting math alphabet `\mathfrak' in version `bold'
(Font)                  U/euf/m/n --> U/euf/b/n on input line 106.
))
(/usr/local/texlive/2017/texmf-dist/tex/latex/tools/bm.sty
Package: bm 2017/01/16 v1.2c Bold Symbol Support (DPC/FMi)
\symboldoperators=\mathgroup6
\symboldletters=\mathgroup7
\symboldsymbols=\mathgroup8
LaTeX Font Info:    Redeclaring math alphabet \mathbf on input line 141.
LaTeX Info: Redefining \bm on input line 207.
)
(/usr/local/texlive/2017/texmf-dist/tex/latex/oberdiek/colonequals.sty
Package: colonequals 2016/05/16 v1.1 Colon equals symbols (HO)
)
(/usr/local/texlive/2017/texmf-dist/tex/latex/cmll/cmll.sty
Package: cmll 2010/04/20 Linear Logic symbols for Computer Modern
\symllsymbols=\mathgroup9
LaTeX Font Info:    Overwriting symbol font `llsymbols' in version `bold'
(Font)                  U/cmllr/m/n --> U/cmllr/bx/n on input line 49.
)
(/usr/local/texlive/2017/texmf-dist/tex/latex/wasysym/wasysym.sty
Package: wasysym 2003/10/30 v2.0 Wasy-2 symbol support package
\symwasy=\mathgroup10
LaTeX Font Info:    Overwriting symbol font `wasy' in version `bold'
(Font)                  U/wasy/m/n --> U/wasy/b/n on input line 90.
)
(/usr/local/texlive/2017/texmf-dist/tex/generic/xypic/xy.sty
(/usr/local/texlive/2017/texmf-dist/tex/generic/xypic/xy.tex Bootstrap'ing:
catcodes, docmode,
(/usr/local/texlive/2017/texmf-dist/tex/generic/xypic/xyrecat.tex)
(/usr/local/texlive/2017/texmf-dist/tex/generic/xypic/xyidioms.tex)

 Xy-pic version 3.8.9 <2013/10/06>
 Copyright (c) 1991-2013 by Kristoffer H. Rose <krisrose@tug.org> and others
 Xy-pic is free software: see the User's Guide for details.

Loading kernel: messages; fonts; allocations: state,
\X@c=\dimen122
\Y@c=\dimen123
\U@c=\dimen124
\D@c=\dimen125
\L@c=\dimen126
\R@c=\dimen127
\Edge@c=\toks22
\X@p=\dimen128
\Y@p=\dimen129
\U@p=\dimen130
\D@p=\dimen131
\L@p=\dimen132
\R@p=\dimen133
\Edge@p=\toks23
\X@origin=\dimen134
\Y@origin=\dimen135
\X@xbase=\dimen136
\Y@xbase=\dimen137
\X@ybase=\dimen138
\Y@ybase=\dimen139
\X@min=\dimen140
\Y@min=\dimen141
\X@max=\dimen142
\Y@max=\dimen143
\lastobjectbox@=\box29
\zerodotbox@=\box30
\almostz@=\dimen144
 direction,
\d@X=\dimen145
\d@Y=\dimen146
\K@=\count104
\KK@=\count105
\Direction=\count106
\K@dXdY=\dimen147
\K@dYdX=\dimen148
\xyread@=\read1
\xywrite@=\write3
\csp@=\count107
\quotPTK@=\dimen149

utility macros; pictures: \xy, positions,
\swaptoks@@=\toks24
\connectobjectbox@@=\box31
 objects,
\styletoks@=\toks25
 decorations;
kernel objects: directionals, circles, text; options; algorithms: directions,
edges, connections;  Xy-pic loaded)
Package: xy 2013/10/06 Xy-pic version 3.8.9

(/usr/local/texlive/2017/texmf-dist/tex/generic/xypic/xymatrix.tex
 Xy-pic option: Matrix feature v.3.14
\Row=\count108
\Col=\count109
\queue@=\toks26
\queue@@=\toks27
\qcount@=\count110
\qcount@@=\count111
\matrixsize@=\count112
 loaded)
(/usr/local/texlive/2017/texmf-dist/tex/generic/xypic/xyarrow.tex
 Xy-pic option: Arrow and Path feature v.3.9 path, \ar, loaded)
(/usr/local/texlive/2017/texmf-dist/tex/generic/xypic/xypdf.tex
 Xy-pic option: PDF driver v.1.7 loaded))
(/usr/local/texlive/2017/texmf-dist/tex/latex/amscls/amsthm.sty
Package: amsthm 2015/03/04 v2.20.2
\thm@style=\toks28
\thm@bodyfont=\toks29
\thm@headfont=\toks30
\thm@notefont=\toks31
\thm@headpunct=\toks32
\thm@preskip=\skip48
\thm@postskip=\skip49
\thm@headsep=\skip50
\dth@everypar=\toks33
)
\c@theorem=\count113

(../virginialake.sty

LaTeX Warning: You have requested package `../virginialake',
               but the package provides `virginialake'.

Package: virginialake 2017/03/25 v4.0
(/usr/local/texlive/2017/texmf-dist/tex/latex/stmaryrd/stmaryrd.sty
Package: stmaryrd 1994/03/03 St Mary's Road symbol package
\symstmry=\mathgroup11
LaTeX Font Info:    Overwriting symbol font `stmry' in version `bold'
(Font)                  U/stmry/m/n --> U/stmry/b/n on input line 89.
)
(/usr/local/texlive/2017/texmf-dist/tex/latex/etoolbox/etoolbox.sty
Package: etoolbox 2017/01/02 v2.4 e-TeX tools for LaTeX (JAW)
\etb@tempcnta=\count114
)
(/usr/local/texlive/2017/texmf-dist/tex/latex/fp/fp-basic.sty
Package: fp-basic 1996/05/13

`Basic Fixed Point Arithmetic',  Version 1.2d (C) Michael Mehlich             
\FP@xs=\count115
\FP@xia=\count116
\FP@xib=\count117
\FP@xfa=\count118
\FP@xfb=\count119
\FP@rega=\count120
\FP@regb=\count121
\FP@regs=\count122
\FP@times=\count123
) (/usr/local/texlive/2017/texmf-dist/tex/latex/xcolor/xcolor.sty
Package: xcolor 2016/05/11 v2.12 LaTeX color extensions (UK)

(/usr/local/texlive/2017/texmf-dist/tex/latex/graphics-cfg/color.cfg
File: color.cfg 2016/01/02 v1.6 sample color configuration
)
Package xcolor Info: Package option `usenames' ignored on input line 216.
Package xcolor Info: Driver file: pdftex.def on input line 225.
Package xcolor Info: Model `cmy' substituted by `cmy0' on input line 1348.
Package xcolor Info: Model `hsb' substituted by `rgb' on input line 1352.
Package xcolor Info: Model `RGB' extended on input line 1364.
Package xcolor Info: Model `HTML' substituted by `rgb' on input line 1366.
Package xcolor Info: Model `Hsb' substituted by `hsb' on input line 1367.
Package xcolor Info: Model `tHsb' substituted by `hsb' on input line 1368.
Package xcolor Info: Model `HSB' substituted by `hsb' on input line 1369.
Package xcolor Info: Model `Gray' substituted by `gray' on input line 1370.
Package xcolor Info: Model `wave' substituted by `hsb' on input line 1371.
)
\dercldim=\dimen150
\derccdim=\dimen151
\dercrdim=\dimen152
\derdim=\dimen153
\derdldim=\dimen154
\derdrdim=\dimen155
\derboxtwo=\box32
\derboxthree=\box33
\derboxfour=\box34
\derquad=\dimen156
\deropen=\dimen157
\stembox=\box35
\vlsavederboxonec=\count124
\vldummycount=\count125
\vlhybox=\box36
\vlstemheight=\dimen158
\vlstemheightc=\count126
\vldsiqdimenleft=\dimen159
\vldsiqdimenright=\dimen160
\derboxin=\box37
\derboxinwidth=\dimen161
\vltrindc=\count127
\vltrindd=\dimen162
\odback=\count128
\odframe=\count129
\afunitmst=\dimen163
\afelwidthmst=\dimen164
\afelheightmst=\dimen165
\afthickonemst=\dimen166
\afthicktwomst=\dimen167
\afthickthreemst=\dimen168
\afthickfourmst=\dimen169
\aflabeldistancemst=\dimen170
\afunit=\dimen171
\afelwidth=\dimen172
\afelheight=\dimen173
\afthickone=\dimen174
\afthicktwo=\dimen175
\afthickthree=\dimen176
\afthickfour=\dimen177
\aflabeldistance=\dimen178
\afthicksep=\dimen179
\aftrdnbox=\box38
\aftrbldnbox=\box39
\aftrupbox=\box40
\aftrblupbox=\box41
\afdiskbox=\box42
\afbbdbox=\box43
\afbbubox=\box44
\afbdbox=\box45
\afbubox=\box46
\afcdcbox=\box47
\afcdcmbox=\box48
\afcucbox=\box49
\afcucmbox=\box50
\afcdabox=\box51
\afcdsabox=\box52
\afwdabox=\box53
\afwdsbox=\box54
\afadabox=\box55
\afsdabox=\box56
\afCdbox=\box57
\afCdsbox=\box58
\afWdbox=\box59
\afWdsbox=\box60
\afAdbox=\box61
\afSdbox=\box62
\afcdnbox=\box63
\afcdsnbox=\box64
\afwdnbox=\box65
\afadnbox=\box66
\afsdnbox=\box67
\afCdnbox=\box68
\afCdsnbox=\box69
\afcuabox=\box70
\afcusabox=\box71
\afwuabox=\box72
\afwusbox=\box73
\afauabox=\box74
\afsuabox=\box75
\afCubox=\box76
\afCusbox=\box77
\afWubox=\box78
\afWusbox=\box79
\afAubox=\box80
\afSubox=\box81
\afcunbox=\box82
\afcusnbox=\box83
\afwunbox=\box84
\afaunbox=\box85
\afsunbox=\box86
\afCunbox=\box87
\afCusnbox=\box88
\afIubox=\box89
\afiubox=\box90
\afIdbox=\box91
\afidbox=\box92
\afinubox=\box93
\afindbox=\box94
\afDubox=\box95
\afduabox=\box96
\afDdbox=\box97
\afddabox=\box98
\afddnbox=\box99
\afdunbox=\box100
\afCudbox=\box101
\afcudabox=\box102
\afCddbox=\box103
\afcddabox=\box104
\afCudnbox=\box105
\afcudnbox=\box106
\afCddnbox=\box107
\afcddnbox=\box108
)
\@conclbox=\box109
\@conclheight=\dimen180
\mydisplayskip=\dimen181
\symMnSyC=\mathgroup12
LaTeX Font Info:    Redeclaring math symbol \boxtimes on input line 125.
LaTeX Font Info:    Redeclaring math symbol \vee on input line 128.
LaTeX Font Info:    Redeclaring math symbol \wedge on input line 129.
LaTeX Font Info:    Redeclaring math symbol \bot on input line 130.
LaTeX Font Info:    Redeclaring math symbol \top on input line 131.

(./notes.aux)
\openout1 = `notes.aux'.

LaTeX Font Info:    Checking defaults for OML/cmm/m/it on input line 220.
LaTeX Font Info:    ... okay on input line 220.
LaTeX Font Info:    Checking defaults for T1/cmr/m/n on input line 220.
LaTeX Font Info:    ... okay on input line 220.
LaTeX Font Info:    Checking defaults for OT1/cmr/m/n on input line 220.
LaTeX Font Info:    ... okay on input line 220.
LaTeX Font Info:    Checking defaults for OMS/cmsy/m/n on input line 220.
LaTeX Font Info:    ... okay on input line 220.
LaTeX Font Info:    Checking defaults for OMX/cmex/m/n on input line 220.
LaTeX Font Info:    ... okay on input line 220.
LaTeX Font Info:    Checking defaults for U/cmr/m/n on input line 220.
LaTeX Font Info:    ... okay on input line 220.

*geometry* driver: auto-detecting
*geometry* detected driver: pdftex
*geometry* verbose mode - [ preamble ] result:
* driver: pdftex
* paper: <default>
* layout: <same size as paper>
* layoutoffset:(h,v)=(0.0pt,0.0pt)
* modes: 
* h-part:(L,W,R)=(99.58464pt, 415.12572pt, 99.58464pt)
* v-part:(T,H,B)=(91.04872pt, 612.87254pt, 91.04872pt)
* \paperwidth=614.295pt
* \paperheight=794.96999pt
* \textwidth=415.12572pt
* \textheight=612.87254pt
* \oddsidemargin=27.31465pt
* \evensidemargin=27.31465pt
* \topmargin=-18.22127pt
* \headheight=12.0pt
* \headsep=25.0pt
* \topskip=10.0pt
* \footskip=30.0pt
* \marginparwidth=65.0pt
* \marginparsep=11.0pt
* \columnsep=10.0pt
* \skip\footins=9.0pt plus 4.0pt minus 2.0pt
* \hoffset=0.0pt
* \voffset=0.0pt
* \mag=1000
* \@twocolumnfalse
* \@twosidefalse
* \@mparswitchfalse
* \@reversemarginfalse
* (1in=72.27pt=25.4mm, 1cm=28.453pt)

(/usr/local/texlive/2017/texmf-dist/tex/context/base/mkii/supp-pdf.mkii
[Loading MPS to PDF converter (version 2006.09.02).]
\scratchcounter=\count130
\scratchdimen=\dimen182
\scratchbox=\box110
\nofMPsegments=\count131
\nofMParguments=\count132
\everyMPshowfont=\toks34
\MPscratchCnt=\count133
\MPscratchDim=\dimen183
\MPnumerator=\count134
\makeMPintoPDFobject=\count135
\everyMPtoPDFconversion=\toks35
) (/usr/local/texlive/2017/texmf-dist/tex/generic/oberdiek/pdftexcmds.sty
Package: pdftexcmds 2017/03/19 v0.25 Utility functions of pdfTeX for LuaTeX (HO
)

(/usr/local/texlive/2017/texmf-dist/tex/generic/oberdiek/ifluatex.sty
Package: ifluatex 2016/05/16 v1.4 Provides the ifluatex switch (HO)
Package ifluatex Info: LuaTeX not detected.
)
Package pdftexcmds Info: LuaTeX not detected.
Package pdftexcmds Info: \pdf@primitive is available.
Package pdftexcmds Info: \pdf@ifprimitive is available.
Package pdftexcmds Info: \pdfdraftmode found.
)
(/usr/local/texlive/2017/texmf-dist/tex/latex/oberdiek/epstopdf-base.sty
Package: epstopdf-base 2016/05/15 v2.6 Base part for package epstopdf

(/usr/local/texlive/2017/texmf-dist/tex/latex/oberdiek/grfext.sty
Package: grfext 2016/05/16 v1.2 Manage graphics extensions (HO)

(/usr/local/texlive/2017/texmf-dist/tex/generic/oberdiek/kvdefinekeys.sty
Package: kvdefinekeys 2016/05/16 v1.4 Define keys (HO)
))
(/usr/local/texlive/2017/texmf-dist/tex/latex/oberdiek/kvoptions.sty
Package: kvoptions 2016/05/16 v3.12 Key value format for package options (HO)

(/usr/local/texlive/2017/texmf-dist/tex/generic/oberdiek/kvsetkeys.sty
Package: kvsetkeys 2016/05/16 v1.17 Key value parser (HO)

(/usr/local/texlive/2017/texmf-dist/tex/generic/oberdiek/etexcmds.sty
Package: etexcmds 2016/05/16 v1.6 Avoid name clashes with e-TeX commands (HO)
Package etexcmds Info: Could not find \expanded.
(etexcmds)             That can mean that you are not using pdfTeX 1.50 or
(etexcmds)             that some package has redefined \expanded.
(etexcmds)             In the latter case, load this package earlier.
)))
Package epstopdf-base Info: Redefining graphics rule for `.eps' on input line 4
38.
Package grfext Info: Graphics extension search list:
(grfext)             [.png,.pdf,.jpg,.mps,.jpeg,.jbig2,.jb2,.PNG,.PDF,.JPG,.JPE
G,.JBIG2,.JB2,.eps]
(grfext)             \AppendGraphicsExtensions on input line 456.

(/usr/local/texlive/2017/texmf-dist/tex/latex/latexconfig/epstopdf-sys.cfg
File: epstopdf-sys.cfg 2010/07/13 v1.3 Configuration of (r)epstopdf for TeX Liv
e
))
LaTeX Font Info:    Try loading font information for U+msa on input line 220.

(/usr/local/texlive/2017/texmf-dist/tex/latex/amsfonts/umsa.fd
File: umsa.fd 2013/01/14 v3.01 AMS symbols A
)
LaTeX Font Info:    Try loading font information for U+msb on input line 220.

(/usr/local/texlive/2017/texmf-dist/tex/latex/amsfonts/umsb.fd
File: umsb.fd 2013/01/14 v3.01 AMS symbols B
)
LaTeX Font Info:    Try loading font information for U+cmllr on input line 220.


(/usr/local/texlive/2017/texmf-dist/tex/latex/cmll/ucmllr.fd)
LaTeX Font Info:    Try loading font information for U+wasy on input line 220.

(/usr/local/texlive/2017/texmf-dist/tex/latex/wasysym/uwasy.fd
File: uwasy.fd 2003/10/30 v2.0 Wasy-2 symbol font definitions
)
LaTeX Font Info:    Try loading font information for U+stmry on input line 220.


(/usr/local/texlive/2017/texmf-dist/tex/latex/stmaryrd/Ustmry.fd)
Package xypdf Info: Line width: 0.39998pt on input line 220.
LaTeX Font Info:    Try loading font information for OMS+cmr on input line 250.


(/usr/local/texlive/2017/texmf-dist/tex/latex/base/omscmr.fd
File: omscmr.fd 2014/09/29 v2.5h Standard LaTeX font definitions
)
LaTeX Font Info:    Font shape `OMS/cmr/m/n' in size <10> not available
(Font)              Font shape `OMS/cmsy/m/n' tried instead on input line 250.
LaTeX Font Info:    Try loading font information for U+euf on input line 266.

(/usr/local/texlive/2017/texmf-dist/tex/latex/amsfonts/ueuf.fd
File: ueuf.fd 2013/01/14 v3.01 Euler Fraktur
) [1

{/usr/local/texlive/2017/texmf-var/fonts/map/pdftex/updmap/pdftex.map}]
\derboxone=\box111
\derldim=\dimen184
\dercdim=\dimen185
\derrdim=\dimen186
\derboxone=\box111
\derldim=\dimen184
\dercdim=\dimen185
\derrdim=\dimen186
\derboxone=\box111
\derldim=\dimen184
\dercdim=\dimen185
\derrdim=\dimen186
\derboxone=\box111
\derldim=\dimen184
\dercdim=\dimen185
\derrdim=\dimen186
\derboxone=\box111
\derldim=\dimen184
\dercdim=\dimen185
\derrdim=\dimen186
\derboxone=\box111
\derldim=\dimen184
\dercdim=\dimen185
\derrdim=\dimen186
 [2] <xymatrix 2x2
182> <xymatrix 2x2 182> [3]
\derboxone=\box111
\derldim=\dimen184
\dercdim=\dimen185
\derrdim=\dimen186
\derboxone=\box111
\derldim=\dimen184
\dercdim=\dimen185
\derrdim=\dimen186
\derboxone=\box111
\derldim=\dimen184
\dercdim=\dimen185
\derrdim=\dimen186
\derboxone=\box111
\derldim=\dimen184
\dercdim=\dimen185
\derrdim=\dimen186
\derboxone=\box111
\derldim=\dimen184
\dercdim=\dimen185
\derrdim=\dimen186
\derboxone=\box111
\derldim=\dimen184
\dercdim=\dimen185
\derrdim=\dimen186
\derboxone=\box111
\derldim=\dimen184
\dercdim=\dimen185
\derrdim=\dimen186
\derboxone=\box111
\derldim=\dimen184
\dercdim=\dimen185
\derrdim=\dimen186
Missing character: There is no Â in font cmr9!
Missing character: There is no   in font cmr9!
\derboxone=\box111
\derldim=\dimen184
\dercdim=\dimen185
\derrdim=\dimen186
\derboxone=\box111
\derldim=\dimen184
\dercdim=\dimen185
\derrdim=\dimen186
\derboxone=\box111
\derldim=\dimen184
\dercdim=\dimen185
\derrdim=\dimen186
\derboxone=\box111
\derldim=\dimen184
\dercdim=\dimen185
\derrdim=\dimen186
\derboxone=\box111
\derldim=\dimen184
\dercdim=\dimen185
\derrdim=\dimen186
\derboxone=\box111
\derldim=\dimen184
\dercdim=\dimen185
\derrdim=\dimen186
\derboxone=\box111
\derldim=\dimen184
\dercdim=\dimen185
\derrdim=\dimen186
\derboxone=\box111
\derldim=\dimen184
\dercdim=\dimen185
\derrdim=\dimen186
\derboxone=\box111
\derldim=\dimen184
\dercdim=\dimen185
\derrdim=\dimen186
\derboxone=\box111
\derldim=\dimen184
\dercdim=\dimen185
\derrdim=\dimen186
\derboxone=\box111
\derldim=\dimen184
\dercdim=\dimen185
\derrdim=\dimen186

Overfull \hbox (37.45206pt too wide) detected at line 562
[] [] 
 []

[4]
\derboxone=\box111
\derldim=\dimen184
\dercdim=\dimen185
\derrdim=\dimen186

Overfull \hbox (60.04353pt too wide) detected at line 578
| []
 []

\derboxone=\box111
\derldim=\dimen184
\dercdim=\dimen185
\derrdim=\dimen186
\derboxone=\box111
\derldim=\dimen184
\dercdim=\dimen185
\derrdim=\dimen186
\derboxone=\box111
\derldim=\dimen184
\dercdim=\dimen185
\derrdim=\dimen186
\derboxone=\box111
\derldim=\dimen184
\dercdim=\dimen185
\derrdim=\dimen186
\derboxone=\box111
\derldim=\dimen184
\dercdim=\dimen185
\derrdim=\dimen186
\derboxone=\box111
\derldim=\dimen184
\dercdim=\dimen185
\derrdim=\dimen186
\derboxone=\box111
\derldim=\dimen184
\dercdim=\dimen185
\derrdim=\dimen186
\derboxone=\box111
\derldim=\dimen184
\dercdim=\dimen185
\derrdim=\dimen186

Overfull \hbox (87.8798pt too wide) detected at line 704
| [] [] []
 []

[5]
\derboxone=\box111
\derldim=\dimen184
\dercdim=\dimen185
\derrdim=\dimen186
\derboxone=\box111
\derldim=\dimen184
\dercdim=\dimen185
\derrdim=\dimen186

Overfull \hbox (84.89024pt too wide) detected at line 725
| [] [] []
 []

\derboxone=\box111
\derldim=\dimen184
\dercdim=\dimen185
\derrdim=\dimen186
\derboxone=\box111
\derldim=\dimen184
\dercdim=\dimen185
\derrdim=\dimen186
\derboxone=\box111
\derldim=\dimen184
\dercdim=\dimen185
\derrdim=\dimen186
\derboxone=\box111
\derldim=\dimen184
\dercdim=\dimen185
\derrdim=\dimen186

Overfull \hbox (5.81914pt too wide) detected at line 755
[] [] []
 []

\derboxone=\box111
\derldim=\dimen184
\dercdim=\dimen185
\derrdim=\dimen186

Overfull \hbox (21.24023pt too wide) detected at line 770
[] [] 
 []

\derboxone=\box111
\derldim=\dimen184
\dercdim=\dimen185
\derrdim=\dimen186

Overfull \hbox (82.7295pt too wide) detected at line 790
| []
 []

\derboxone=\box111
\derldim=\dimen184
\dercdim=\dimen185
\derrdim=\dimen186
\derboxone=\box111
\derldim=\dimen184
\dercdim=\dimen185
\derrdim=\dimen186

Overfull \hbox (13.30437pt too wide) detected at line 825
| []
 []

\derboxone=\box111
\derldim=\dimen184
\dercdim=\dimen185
\derrdim=\dimen186
\derboxone=\box111
\derldim=\dimen184
\dercdim=\dimen185
\derrdim=\dimen186

Overfull \hbox (1.42871pt too wide) detected at line 851
[]
 []

[6]
\derboxone=\box111
\derldim=\dimen184
\dercdim=\dimen185
\derrdim=\dimen186
\derboxone=\box111
\derldim=\dimen184
\dercdim=\dimen185
\derrdim=\dimen186
\derboxone=\box111
\derldim=\dimen184
\dercdim=\dimen185
\derrdim=\dimen186
\derboxone=\box111
\derldim=\dimen184
\dercdim=\dimen185
\derrdim=\dimen186
\derboxone=\box111
\derldim=\dimen184
\dercdim=\dimen185
\derrdim=\dimen186
\derboxone=\box111
\derldim=\dimen184
\dercdim=\dimen185
\derrdim=\dimen186
\derboxone=\box111
\derldim=\dimen184
\dercdim=\dimen185
\derrdim=\dimen186
\derboxone=\box111
\derldim=\dimen184
\dercdim=\dimen185
\derrdim=\dimen186
\derboxone=\box111
\derldim=\dimen184
\dercdim=\dimen185
\derrdim=\dimen186
\derboxone=\box111
\derldim=\dimen184
\dercdim=\dimen185
\derrdim=\dimen186


LaTeX Font Warning: Font shape `U/wasy/b/n' in size <7> not available
(Font)              Font shape `U/wasy/m/n' tried instead on input line 916.


LaTeX Font Warning: Font shape `U/wasy/b/n' in size <5> not available
(Font)              Font shape `U/wasy/m/n' tried instead on input line 916.


LaTeX Font Warning: Font shape `U/stmry/b/n' undefined
(Font)              using `U/stmry/m/n' instead on input line 916.

\derboxone=\box111
\derldim=\dimen184
\dercdim=\dimen185
\derrdim=\dimen186
\derboxone=\box111
\derldim=\dimen184
\dercdim=\dimen185
\derrdim=\dimen186
\derboxone=\box111
\derldim=\dimen184
\dercdim=\dimen185
\derrdim=\dimen186
\derboxone=\box111
\derldim=\dimen184
\dercdim=\dimen185
\derrdim=\dimen186
\derboxone=\box111
\derldim=\dimen184
\dercdim=\dimen185
\derrdim=\dimen186
\derboxone=\box111
\derldim=\dimen184
\dercdim=\dimen185
\derrdim=\dimen186
\derboxone=\box111
\derldim=\dimen184
\dercdim=\dimen185
\derrdim=\dimen186
\derboxone=\box111
\derldim=\dimen184
\dercdim=\dimen185
\derrdim=\dimen186

Overfull \hbox (20.46758pt too wide) in paragraph at lines 946--951
[]\OT1/cmr/m/it/10 If there ex-ists a proof $[]$ then there ex-ists a proof $[]
$
 []

\derboxone=\box111
\derldim=\dimen184
\dercdim=\dimen185
\derrdim=\dimen186
\derboxone=\box111
\derldim=\dimen184
\dercdim=\dimen185
\derrdim=\dimen186

Overfull \hbox (4.09099pt too wide) in paragraph at lines 953--958
[]\OT1/cmr/m/it/10 If there ex-ists a proof $[]$ then there ex-ists a proof $[]
$
 []

\derboxone=\box111
\derldim=\dimen184
\dercdim=\dimen185
\derrdim=\dimen186
\derboxone=\box111
\derldim=\dimen184
\dercdim=\dimen185
\derrdim=\dimen186
[7]
\derboxone=\box111
\derldim=\dimen184
\dercdim=\dimen185
\derrdim=\dimen186
\derboxone=\box111
\derldim=\dimen184
\dercdim=\dimen185
\derrdim=\dimen186

Overfull \hbox (86.67409pt too wide) in paragraph at lines 995--1001
[]$[][]$\OT1/cmr/m/n/10 : For a proof of height $1$, it is straight-for-ward. F
or ex-am-ple, if $\OMS/cmsy/m/n/10 D \OT1/cmr/m/n/10 = []$,
 []

\derboxone=\box111
\derldim=\dimen184
\dercdim=\dimen185
\derrdim=\dimen186
\derboxone=\box111
\derldim=\dimen184
\dercdim=\dimen185
\derrdim=\dimen186
\derboxone=\box111
\derldim=\dimen184
\dercdim=\dimen185
\derrdim=\dimen186
\derboxone=\box111
\derldim=\dimen184
\dercdim=\dimen185
\derrdim=\dimen186
\derboxone=\box111
\derldim=\dimen184
\dercdim=\dimen185
\derrdim=\dimen186
\derboxone=\box111
\derldim=\dimen184
\dercdim=\dimen185
\derrdim=\dimen186
\derboxone=\box111
\derldim=\dimen184
\dercdim=\dimen185
\derrdim=\dimen186
[8]
\derboxone=\box111
\derldim=\dimen184
\dercdim=\dimen185
\derrdim=\dimen186
\derboxone=\box111
\derldim=\dimen184
\dercdim=\dimen185
\derrdim=\dimen186
\derboxone=\box111
\derldim=\dimen184
\dercdim=\dimen185
\derrdim=\dimen186
\derboxone=\box111
\derldim=\dimen184
\dercdim=\dimen185
\derrdim=\dimen186
\derboxone=\box111
\derldim=\dimen184
\dercdim=\dimen185
\derrdim=\dimen186
\derboxone=\box111
\derldim=\dimen184
\dercdim=\dimen185
\derrdim=\dimen186
\derboxone=\box111
\derldim=\dimen184
\dercdim=\dimen185
\derrdim=\dimen186
\derboxone=\box111
\derldim=\dimen184
\dercdim=\dimen185
\derrdim=\dimen186
\derboxone=\box111
\derldim=\dimen184
\dercdim=\dimen185
\derrdim=\dimen186
\derboxone=\box111
\derldim=\dimen184
\dercdim=\dimen185
\derrdim=\dimen186
\derboxone=\box111
\derldim=\dimen184
\dercdim=\dimen185
\derrdim=\dimen186
\derboxone=\box111
\derldim=\dimen184
\dercdim=\dimen185
\derrdim=\dimen186

Overfull \hbox (20.07166pt too wide) detected at line 1215
| []
 []

[9]
\derboxone=\box111
\derldim=\dimen184
\dercdim=\dimen185
\derrdim=\dimen186
\derboxone=\box111
\derldim=\dimen184
\dercdim=\dimen185
\derrdim=\dimen186
\derboxone=\box111
\derldim=\dimen184
\dercdim=\dimen185
\derrdim=\dimen186
\derboxone=\box111
\derldim=\dimen184
\dercdim=\dimen185
\derrdim=\dimen186
\derboxone=\box111
\derldim=\dimen184
\dercdim=\dimen185
\derrdim=\dimen186
\derboxone=\box111
\derldim=\dimen184
\dercdim=\dimen185
\derrdim=\dimen186
\derboxone=\box111
\derldim=\dimen184
\dercdim=\dimen185
\derrdim=\dimen186
\derboxone=\box111
\derldim=\dimen184
\dercdim=\dimen185
\derrdim=\dimen186
\derboxone=\box111
\derldim=\dimen184
\dercdim=\dimen185
\derrdim=\dimen186
\derboxone=\box111
\derldim=\dimen184
\dercdim=\dimen185
\derrdim=\dimen186
\derboxone=\box111
\derldim=\dimen184
\dercdim=\dimen185
\derrdim=\dimen186
\derboxone=\box111
\derldim=\dimen184
\dercdim=\dimen185
\derrdim=\dimen186
\derboxone=\box111
\derldim=\dimen184
\dercdim=\dimen185
\derrdim=\dimen186
\derboxone=\box111
\derldim=\dimen184
\dercdim=\dimen185
\derrdim=\dimen186
\derboxone=\box111
\derldim=\dimen184
\dercdim=\dimen185
\derrdim=\dimen186
\derboxone=\box111
\derldim=\dimen184
\dercdim=\dimen185
\derrdim=\dimen186
\derboxone=\box111
\derldim=\dimen184
\dercdim=\dimen185
\derrdim=\dimen186
\derboxone=\box111
\derldim=\dimen184
\dercdim=\dimen185
\derrdim=\dimen186
\derboxone=\box111
\derldim=\dimen184
\dercdim=\dimen185
\derrdim=\dimen186
\derboxone=\box111
\derldim=\dimen184
\dercdim=\dimen185
\derrdim=\dimen186
\derboxone=\box111
\derldim=\dimen184
\dercdim=\dimen185
\derrdim=\dimen186
\derboxone=\box111
\derldim=\dimen184
\dercdim=\dimen185
\derrdim=\dimen186
\derboxone=\box111
\derldim=\dimen184
\dercdim=\dimen185
\derrdim=\dimen186
\derboxone=\box111
\derldim=\dimen184
\dercdim=\dimen185
\derrdim=\dimen186
\derboxone=\box111
\derldim=\dimen184
\dercdim=\dimen185
\derrdim=\dimen186
 [10]
\derboxone=\box111
\derldim=\dimen184
\dercdim=\dimen185
\derrdim=\dimen186
\derboxone=\box111
\derldim=\dimen184
\dercdim=\dimen185
\derrdim=\dimen186
\derboxone=\box111
\derldim=\dimen184
\dercdim=\dimen185
\derrdim=\dimen186
\derboxone=\box111
\derldim=\dimen184
\dercdim=\dimen185
\derrdim=\dimen186
\derboxone=\box111
\derldim=\dimen184
\dercdim=\dimen185
\derrdim=\dimen186
\derboxone=\box111
\derldim=\dimen184
\dercdim=\dimen185
\derrdim=\dimen186
\derboxone=\box111
\derldim=\dimen184
\dercdim=\dimen185
\derrdim=\dimen186
\derboxone=\box111
\derldim=\dimen184
\dercdim=\dimen185
\derrdim=\dimen186
\derboxone=\box111
\derldim=\dimen184
\dercdim=\dimen185
\derrdim=\dimen186
\derboxone=\box111
\derldim=\dimen184
\dercdim=\dimen185
\derrdim=\dimen186
\derboxone=\box111
\derldim=\dimen184
\dercdim=\dimen185
\derrdim=\dimen186
\derboxone=\box111
\derldim=\dimen184
\dercdim=\dimen185
\derrdim=\dimen186
\derboxone=\box111
\derldim=\dimen184
\dercdim=\dimen185
\derrdim=\dimen186


Package amsthm Warning: The \qedhere command may not work correctly here on inp
ut line 1422.

\derboxone=\box111
\derldim=\dimen184
\dercdim=\dimen185
\derrdim=\dimen186
\derboxone=\box111
\derldim=\dimen184
\dercdim=\dimen185
\derrdim=\dimen186
\derboxone=\box111
\derldim=\dimen184
\dercdim=\dimen185
\derrdim=\dimen186
\derboxone=\box111
\derldim=\dimen184
\dercdim=\dimen185
\derrdim=\dimen186
\derboxone=\box111
\derldim=\dimen184
\dercdim=\dimen185
\derrdim=\dimen186
\derboxone=\box111
\derldim=\dimen184
\dercdim=\dimen185
\derrdim=\dimen186
\derboxone=\box111
\derldim=\dimen184
\dercdim=\dimen185
\derrdim=\dimen186
\derboxone=\box111
\derldim=\dimen184
\dercdim=\dimen185
\derrdim=\dimen186
\derboxone=\box111
\derldim=\dimen184
\dercdim=\dimen185
\derrdim=\dimen186
\derboxone=\box111
\derldim=\dimen184
\dercdim=\dimen185
\derrdim=\dimen186
\derboxone=\box111
\derldim=\dimen184
\dercdim=\dimen185
\derrdim=\dimen186
\derboxone=\box111
\derldim=\dimen184
\dercdim=\dimen185
\derrdim=\dimen186
\derboxone=\box111
\derldim=\dimen184
\dercdim=\dimen185
\derrdim=\dimen186

Package amsthm Warning: The \qedhere command may not work correctly here on inp
ut line 1422.


Overfull \hbox (64.2492pt too wide) in paragraph at lines 1422--1422
[] 
 []

[11]
\derboxone=\box111
\derldim=\dimen184
\dercdim=\dimen185
\derrdim=\dimen186
\derboxone=\box111
\derldim=\dimen184
\dercdim=\dimen185
\derrdim=\dimen186
 (./notes.bbl) [12] (./notes.aux)

LaTeX Font Warning: Some font shapes were not available, defaults substituted.

 ) 
Here is how much of TeX's memory you used:
 6777 strings out of 492995
 80912 string characters out of 6132704
 251343 words of memory out of 5000000
 10141 multiletter control sequences out of 15000+600000
 30160 words of font info for 123 fonts, out of 8000000 for 9000
 1141 hyphenation exceptions out of 8191
 39i,26n,54p,856b,479s stack positions out of 5000i,500n,10000p,200000b,80000s
{/usr/local/texlive/2017/texmf-dist/fonts/enc/dvips/mnsymbol/MnSymbolC.enc}</
usr/local/texlive/2017/texmf-dist/fonts/type1/public/mnsymbol/MnSymbol10.pfb></
usr/local/texlive/2017/texmf-dist/fonts/type1/public/mnsymbol/MnSymbol12.pfb></
usr/local/texlive/2017/texmf-dist/fonts/type1/public/mnsymbol/MnSymbol5.pfb></u
sr/local/texlive/2017/texmf-dist/fonts/type1/public/mnsymbol/MnSymbol7.pfb></us
r/local/texlive/2017/texmf-dist/fonts/type1/public/mnsymbol/MnSymbol9.pfb></usr
/local/texlive/2017/texmf-dist/fonts/type1/public/amsfonts/cm/cmbsy10.pfb></usr
/local/texlive/2017/texmf-dist/fonts/type1/public/amsfonts/cmextra/cmbsy7.pfb><
/usr/local/texlive/2017/texmf-dist/fonts/type1/public/amsfonts/cm/cmbx10.pfb></
usr/local/texlive/2017/texmf-dist/fonts/type1/public/amsfonts/cm/cmbx12.pfb></u
sr/local/texlive/2017/texmf-dist/fonts/type1/public/amsfonts/cm/cmmi10.pfb></us
r/local/texlive/2017/texmf-dist/fonts/type1/public/amsfonts/cm/cmmi5.pfb></usr/
local/texlive/2017/texmf-dist/fonts/type1/public/amsfonts/cm/cmmi6.pfb></usr/lo
cal/texlive/2017/texmf-dist/fonts/type1/public/amsfonts/cm/cmmi7.pfb></usr/loca
l/texlive/2017/texmf-dist/fonts/type1/public/amsfonts/cm/cmmi8.pfb></usr/local/
texlive/2017/texmf-dist/fonts/type1/public/amsfonts/cm/cmmi9.pfb></usr/local/te
xlive/2017/texmf-dist/fonts/type1/public/amsfonts/cm/cmmib10.pfb></usr/local/te
xlive/2017/texmf-dist/fonts/type1/public/amsfonts/cm/cmr10.pfb></usr/local/texl
ive/2017/texmf-dist/fonts/type1/public/amsfonts/cm/cmr12.pfb></usr/local/texliv
e/2017/texmf-dist/fonts/type1/public/amsfonts/cm/cmr17.pfb></usr/local/texlive/
2017/texmf-dist/fonts/type1/public/amsfonts/cm/cmr5.pfb></usr/local/texlive/201
7/texmf-dist/fonts/type1/public/amsfonts/cm/cmr6.pfb></usr/local/texlive/2017/t
exmf-dist/fonts/type1/public/amsfonts/cm/cmr7.pfb></usr/local/texlive/2017/texm
f-dist/fonts/type1/public/amsfonts/cm/cmr8.pfb></usr/local/texlive/2017/texmf-d
ist/fonts/type1/public/amsfonts/cm/cmr9.pfb></usr/local/texlive/2017/texmf-dist
/fonts/type1/public/amsfonts/cm/cmss10.pfb></usr/local/texlive/2017/texmf-dist/
fonts/type1/public/amsfonts/cm/cmss12.pfb></usr/local/texlive/2017/texmf-dist/f
onts/type1/public/amsfonts/cm/cmss8.pfb></usr/local/texlive/2017/texmf-dist/fon
ts/type1/public/amsfonts/cm/cmss9.pfb></usr/local/texlive/2017/texmf-dist/fonts
/type1/public/amsfonts/cm/cmsy10.pfb></usr/local/texlive/2017/texmf-dist/fonts/
type1/public/amsfonts/cm/cmsy5.pfb></usr/local/texlive/2017/texmf-dist/fonts/ty
pe1/public/amsfonts/cm/cmsy6.pfb></usr/local/texlive/2017/texmf-dist/fonts/type
1/public/amsfonts/cm/cmsy7.pfb></usr/local/texlive/2017/texmf-dist/fonts/type1/
public/amsfonts/cm/cmsy8.pfb></usr/local/texlive/2017/texmf-dist/fonts/type1/pu
blic/amsfonts/cm/cmsy9.pfb></usr/local/texlive/2017/texmf-dist/fonts/type1/publ
ic/amsfonts/cm/cmti10.pfb></usr/local/texlive/2017/texmf-dist/fonts/type1/publi
c/amsfonts/euler/eufm10.pfb></usr/local/texlive/2017/texmf-dist/fonts/type1/pub
lic/amsfonts/symbols/msam10.pfb></usr/local/texlive/2017/texmf-dist/fonts/type1
/public/amsfonts/symbols/msbm10.pfb></usr/local/texlive/2017/texmf-dist/fonts/t
ype1/public/wasy2-ps/wasy10.pfb></usr/local/texlive/2017/texmf-dist/fonts/type1
/public/wasy2-ps/wasy9.pfb></usr/local/texlive/2017/texmf-dist/fonts/type1/publ
ic/xypic/xyatip10.pfb></usr/local/texlive/2017/texmf-dist/fonts/type1/public/xy
pic/xybtip10.pfb>
Output written on notes.pdf (12 pages, 429619 bytes).
PDF statistics:
 213 PDF objects out of 1000 (max. 8388607)
 155 compressed objects within 2 object streams
 0 named destinations out of 1000 (max. 500000)
 1 words of extra memory for PDF output out of 10000 (max. 10000000)

